c:\users\tanap\documents\mydocuments\abertay work\2021_2022(y2)\cmp202\coursework\cmp202-astar-parralelisation\cmp202 astar parallelisation\cmp202 astar parallelisation\x64\debug\vc143.pdb
c:\users\tanap\documents\mydocuments\abertay work\2021_2022(y2)\cmp202\coursework\cmp202-astar-parralelisation\cmp202 astar parallelisation\cmp202 astar parallelisation\x64\debug\vc143.idb
c:\users\tanap\documents\mydocuments\abertay work\2021_2022(y2)\cmp202\coursework\cmp202-astar-parralelisation\cmp202 astar parallelisation\cmp202 astar parallelisation\x64\debug\vectorpositions.obj
c:\users\tanap\documents\mydocuments\abertay work\2021_2022(y2)\cmp202\coursework\cmp202-astar-parralelisation\cmp202 astar parallelisation\cmp202 astar parallelisation\x64\debug\source.obj
c:\users\tanap\documents\mydocuments\abertay work\2021_2022(y2)\cmp202\coursework\cmp202-astar-parralelisation\cmp202 astar parallelisation\cmp202 astar parallelisation\x64\debug\pathfindingmap.obj
c:\users\tanap\documents\mydocuments\abertay work\2021_2022(y2)\cmp202\coursework\cmp202-astar-parralelisation\cmp202 astar parallelisation\cmp202 astar parallelisation\x64\debug\node.obj
c:\users\tanap\documents\mydocuments\abertay work\2021_2022(y2)\cmp202\coursework\cmp202-astar-parralelisation\cmp202 astar parallelisation\cmp202 astar parallelisation\x64\debug\a_star_pathfinding.obj
c:\users\tanap\documents\mydocuments\abertay work\2021_2022(y2)\cmp202\coursework\cmp202-astar-parralelisation\cmp202 astar parallelisation\cmp202 astar parallelisation\x64\debug\randombase10.obj
c:\users\tanap\documents\mydocuments\abertay work\2021_2022(y2)\cmp202\coursework\cmp202-astar-parralelisation\cmp202 astar parallelisation\cmp202 astar parallelisation\x64\debug\cellularautomata.obj
c:\users\tanap\documents\mydocuments\abertay work\2021_2022(y2)\cmp202\coursework\cmp202-astar-parralelisation\cmp202 astar parallelisation\cmp202 astar parallelisation\x64\debug\input.obj
c:\users\tanap\documents\mydocuments\abertay work\2021_2022(y2)\cmp202\coursework\cmp202-astar-parralelisation\cmp202 astar parallelisation\cmp202 astar parallelisation\x64\debug\proceduralmapmanager.obj
c:\users\tanap\documents\mydocuments\abertay work\2021_2022(y2)\cmp202\coursework\cmp202-astar-parralelisation\cmp202 astar parallelisation\x64\debug\cmp202 astar parallelisation.exe
c:\users\tanap\documents\mydocuments\abertay work\2021_2022(y2)\cmp202\coursework\cmp202-astar-parralelisation\cmp202 astar parallelisation\cmp202 astar parallelisation\x64\debug\cmp202 astar parallelisation.ilk
c:\users\tanap\documents\mydocuments\abertay work\2021_2022(y2)\cmp202\coursework\cmp202-astar-parralelisation\cmp202 astar parallelisation\x64\debug\cmp202 astar parallelisation.pdb
c:\users\tanap\documents\mydocuments\abertay work\2021_2022(y2)\cmp202\coursework\cmp202-astar-parralelisation\cmp202 astar parallelisation\cmp202 astar parallelisation\x64\debug\cmp202 a.8c758874.tlog\cl.command.1.tlog
c:\users\tanap\documents\mydocuments\abertay work\2021_2022(y2)\cmp202\coursework\cmp202-astar-parralelisation\cmp202 astar parallelisation\cmp202 astar parallelisation\x64\debug\cmp202 a.8c758874.tlog\cl.read.1.tlog
c:\users\tanap\documents\mydocuments\abertay work\2021_2022(y2)\cmp202\coursework\cmp202-astar-parralelisation\cmp202 astar parallelisation\cmp202 astar parallelisation\x64\debug\cmp202 a.8c758874.tlog\cl.write.1.tlog
c:\users\tanap\documents\mydocuments\abertay work\2021_2022(y2)\cmp202\coursework\cmp202-astar-parralelisation\cmp202 astar parallelisation\cmp202 astar parallelisation\x64\debug\cmp202 a.8c758874.tlog\link.command.1.tlog
c:\users\tanap\documents\mydocuments\abertay work\2021_2022(y2)\cmp202\coursework\cmp202-astar-parralelisation\cmp202 astar parallelisation\cmp202 astar parallelisation\x64\debug\cmp202 a.8c758874.tlog\link.read.1.tlog
c:\users\tanap\documents\mydocuments\abertay work\2021_2022(y2)\cmp202\coursework\cmp202-astar-parralelisation\cmp202 astar parallelisation\cmp202 astar parallelisation\x64\debug\cmp202 a.8c758874.tlog\link.write.1.tlog
