c:\users\tanap\documents\mydocuments\abertay work\2021_2022(y2)\cmp202\coursework\cmp202-astar-parralelisation\cmp202 astar parallelisation\cmp202 astar parallelisation\x64\release\vc143.pdb
c:\users\tanap\documents\mydocuments\abertay work\2021_2022(y2)\cmp202\coursework\cmp202-astar-parralelisation\cmp202 astar parallelisation\cmp202 astar parallelisation\x64\release\vectorpositions.obj
c:\users\tanap\documents\mydocuments\abertay work\2021_2022(y2)\cmp202\coursework\cmp202-astar-parralelisation\cmp202 astar parallelisation\cmp202 astar parallelisation\x64\release\source.obj
c:\users\tanap\documents\mydocuments\abertay work\2021_2022(y2)\cmp202\coursework\cmp202-astar-parralelisation\cmp202 astar parallelisation\cmp202 astar parallelisation\x64\release\randombase10.obj
c:\users\tanap\documents\mydocuments\abertay work\2021_2022(y2)\cmp202\coursework\cmp202-astar-parralelisation\cmp202 astar parallelisation\cmp202 astar parallelisation\x64\release\proceduralmapmanager.obj
c:\users\tanap\documents\mydocuments\abertay work\2021_2022(y2)\cmp202\coursework\cmp202-astar-parralelisation\cmp202 astar parallelisation\cmp202 astar parallelisation\x64\release\pathfindingmap.obj
c:\users\tanap\documents\mydocuments\abertay work\2021_2022(y2)\cmp202\coursework\cmp202-astar-parralelisation\cmp202 astar parallelisation\cmp202 astar parallelisation\x64\release\node.obj
c:\users\tanap\documents\mydocuments\abertay work\2021_2022(y2)\cmp202\coursework\cmp202-astar-parralelisation\cmp202 astar parallelisation\cmp202 astar parallelisation\x64\release\input.obj
c:\users\tanap\documents\mydocuments\abertay work\2021_2022(y2)\cmp202\coursework\cmp202-astar-parralelisation\cmp202 astar parallelisation\cmp202 astar parallelisation\x64\release\cellularautomata.obj
c:\users\tanap\documents\mydocuments\abertay work\2021_2022(y2)\cmp202\coursework\cmp202-astar-parralelisation\cmp202 astar parallelisation\cmp202 astar parallelisation\x64\release\a_star_pathfinding.obj
c:\users\tanap\documents\mydocuments\abertay work\2021_2022(y2)\cmp202\coursework\cmp202-astar-parralelisation\cmp202 astar parallelisation\cmp202 astar parallelisation\x64\release\pathfindingvisualisation.obj
c:\users\tanap\documents\mydocuments\abertay work\2021_2022(y2)\cmp202\coursework\cmp202-astar-parralelisation\cmp202 astar parallelisation\cmp202 astar parallelisation\x64\release\a_star_pathfindingcpu.obj
c:\users\tanap\documents\mydocuments\abertay work\2021_2022(y2)\cmp202\coursework\cmp202-astar-parralelisation\cmp202 astar parallelisation\x64\release\cmp202 astar parallelisation.exe
c:\users\tanap\documents\mydocuments\abertay work\2021_2022(y2)\cmp202\coursework\cmp202-astar-parralelisation\cmp202 astar parallelisation\cmp202 astar parallelisation\x64\release\cmp202 astar parallelisation.ipdb
c:\users\tanap\documents\mydocuments\abertay work\2021_2022(y2)\cmp202\coursework\cmp202-astar-parralelisation\cmp202 astar parallelisation\x64\release\cmp202 astar parallelisation.pdb
c:\users\tanap\documents\mydocuments\abertay work\2021_2022(y2)\cmp202\coursework\cmp202-astar-parralelisation\cmp202 astar parallelisation\cmp202 astar parallelisation\x64\release\cmp202 astar parallelisation.iobj
c:\users\tanap\documents\mydocuments\abertay work\2021_2022(y2)\cmp202\coursework\cmp202-astar-parralelisation\cmp202 astar parallelisation\cmp202 astar parallelisation\x64\release\cmp202 a.8c758874.tlog\cl.command.1.tlog
c:\users\tanap\documents\mydocuments\abertay work\2021_2022(y2)\cmp202\coursework\cmp202-astar-parralelisation\cmp202 astar parallelisation\cmp202 astar parallelisation\x64\release\cmp202 a.8c758874.tlog\cl.read.1.tlog
c:\users\tanap\documents\mydocuments\abertay work\2021_2022(y2)\cmp202\coursework\cmp202-astar-parralelisation\cmp202 astar parallelisation\cmp202 astar parallelisation\x64\release\cmp202 a.8c758874.tlog\cl.write.1.tlog
c:\users\tanap\documents\mydocuments\abertay work\2021_2022(y2)\cmp202\coursework\cmp202-astar-parralelisation\cmp202 astar parallelisation\cmp202 astar parallelisation\x64\release\cmp202 a.8c758874.tlog\link.command.1.tlog
c:\users\tanap\documents\mydocuments\abertay work\2021_2022(y2)\cmp202\coursework\cmp202-astar-parralelisation\cmp202 astar parallelisation\cmp202 astar parallelisation\x64\release\cmp202 a.8c758874.tlog\link.read.1.tlog
c:\users\tanap\documents\mydocuments\abertay work\2021_2022(y2)\cmp202\coursework\cmp202-astar-parralelisation\cmp202 astar parallelisation\cmp202 astar parallelisation\x64\release\cmp202 a.8c758874.tlog\link.write.1.tlog
